#
# There is insufficient memory for the Java Runtime Environment to continue.
# Native memory allocation (malloc) failed to allocate 1682256 bytes for Chunk::new
# Possible reasons:
#   The system is out of physical RAM or swap space
#   The process is running with CompressedOops enabled, and the Java Heap may be blocking the growth of the native heap
# Possible solutions:
#   Reduce memory load on the system
#   Increase physical memory or swap space
#   Check if swap backing store is full
#   Decrease Java heap size (-Xmx/-Xms)
#   Decrease number of Java threads
#   Decrease Java thread stack sizes (-Xss)
#   Set larger code cache with -XX:ReservedCodeCacheSize=
#   JVM is running with Unscaled Compressed Oops mode in which the Java heap is
#     placed in the first 4GB address space. The Java Heap base address is the
#     maximum limit for the native heap growth. Please use -XX:HeapBaseMinAddress
#     to set the Java Heap base and to place the Java Heap above 4GB virtual address.
# This output file may be truncated or incomplete.
#
#  Out of Memory Error (./src/hotspot/share/memory/arena.cpp:197), pid=12932, tid=9460
#
# JRE version: OpenJDK Runtime Environment (11.0.10) (build 11.0.10+0-b96-7249189)
# Java VM: OpenJDK 64-Bit Server VM (11.0.10+0-b96-7249189, mixed mode, tiered, compressed oops, g1 gc, windows-amd64)
# No core dump will be written. Minidumps are not enabled by default on client versions of Windows
#

---------------  S U M M A R Y ------------

Command Line: --add-opens=java.base/java.util=ALL-UNNAMED --add-opens=java.base/java.lang=ALL-UNNAMED --add-opens=java.base/java.lang.invoke=ALL-UNNAMED --add-opens=java.base/java.util=ALL-UNNAMED --add-opens=java.prefs/java.util.prefs=ALL-UNNAMED --add-opens=java.prefs/java.util.prefs=ALL-UNNAMED --add-opens=java.base/java.nio.charset=ALL-UNNAMED --add-opens=java.base/java.net=ALL-UNNAMED --add-opens=java.base/java.util.concurrent.atomic=ALL-UNNAMED -Xmx1024m -Dfile.encoding=windows-1252 -Duser.country=US -Duser.language=en -Duser.variant org.gradle.launcher.daemon.bootstrap.GradleDaemon 7.0.2

Host: Intel(R) Core(TM) i5-1035G1 CPU @ 1.00GHz, 8 cores, 7G,  Windows 10 , 64 bit Build 22000 (10.0.22000.120)
Time: Thu Sep 30 14:28:50 2021 SE Asia Standard Time elapsed time: 3056.707413 seconds (0d 0h 50m 56s)

---------------  T H R E A D  ---------------

Current thread (0x000001f127ce7000):  JavaThread "C2 CompilerThread1" daemon [_thread_in_native, id=9460, stack(0x0000006da4e00000,0x0000006da4f00000)]


Current CompileTask:
C2:3056707 25453       4       org.gradle.api.internal.artifacts.transform.TransformingAsyncArtifactListener$TransformedArtifact::startFinalization (15 bytes)

Stack: [0x0000006da4e00000,0x0000006da4f00000]
Native frames: (J=compiled Java code, j=interpreted, Vv=VM code, C=native code)
V  [jvm.dll+0x5ecfaa]
V  [jvm.dll+0x722bd5]
V  [jvm.dll+0x72412d]
V  [jvm.dll+0x7247e3]
V  [jvm.dll+0x242928]
V  [jvm.dll+0xbc4fc]
V  [jvm.dll+0xbca0c]
V  [jvm.dll+0x352d7d]
V  [jvm.dll+0x320ad3]
V  [jvm.dll+0x31ffca]
V  [jvm.dll+0x1fb602]
V  [jvm.dll+0x1fa7f4]
V  [jvm.dll+0x18354c]
V  [jvm.dll+0x208ee7]
V  [jvm.dll+0x207731]
V  [jvm.dll+0x6eb1cf]
V  [jvm.dll+0x6e3d45]
V  [jvm.dll+0x5ebe96]
C  [ucrtbase.dll+0x26c0c]
C  [KERNEL32.DLL+0x154e0]
C  [ntdll.dll+0x485b]


---------------  P R O C E S S  ---------------

Threads class SMR info:
_java_thread_list=0x000001f12d9a9c60, length=68, elements={
0x000001f10d68e800, 0x000001f1254dc800, 0x000001f1254e9000, 0x000001f125e63800,
0x000001f125e64800, 0x000001f125e67800, 0x000001f125e6e000, 0x000001f125e6f000,
0x000001f125e70800, 0x000001f125fb9800, 0x000001f12877d800, 0x000001f129105000,
0x000001f128a4c800, 0x000001f1293aa000, 0x000001f1293ab000, 0x000001f1293a7000,
0x000001f1293ac000, 0x000001f1293a6000, 0x000001f1293a7800, 0x000001f1293a9800,
0x000001f128e30000, 0x000001f128e2a000, 0x000001f128e2e800, 0x000001f128e2f000,
0x000001f128e31000, 0x000001f128e2b000, 0x000001f128e2c000, 0x000001f128e32800,
0x000001f12b861000, 0x000001f12f2dc000, 0x000001f132628800, 0x000001f13262a000,
0x000001f13262b000, 0x000001f132625000, 0x000001f13262b800, 0x000001f132626000,
0x000001f132627000, 0x000001f13262f800, 0x000001f132631800, 0x000001f132630800,
0x000001f132632000, 0x000001f13262c800, 0x000001f132633000, 0x000001f127ce7000,
0x000001f12854b800, 0x000001f13262d800, 0x000001f13262f000, 0x000001f132634000,
0x000001f13262e000, 0x000001f12f2da800, 0x000001f12f2e1000, 0x000001f12f2e0800,
0x000001f12f2e2000, 0x000001f12f2e3000, 0x000001f12f2de000, 0x000001f12f2dd000,
0x000001f12f2e3800, 0x000001f12f2e4800, 0x000001f12f2de800, 0x000001f12f2e5000,
0x000001f12f2df800, 0x000001f12f2e6000, 0x000001f12f2e8800, 0x000001f12f2e7000,
0x000001f12f2e7800, 0x000001f12f2e9800, 0x000001f12b863800, 0x000001f12b864800
}

Java Threads: ( => current thread )
  0x000001f10d68e800 JavaThread "main" [_thread_blocked, id=7436, stack(0x0000006da1b00000,0x0000006da1c00000)]
  0x000001f1254dc800 JavaThread "Reference Handler" daemon [_thread_blocked, id=8600, stack(0x0000006da2200000,0x0000006da2300000)]
  0x000001f1254e9000 JavaThread "Finalizer" daemon [_thread_blocked, id=6376, stack(0x0000006da2300000,0x0000006da2400000)]
  0x000001f125e63800 JavaThread "Signal Dispatcher" daemon [_thread_blocked, id=12204, stack(0x0000006da2400000,0x0000006da2500000)]
  0x000001f125e64800 JavaThread "Attach Listener" daemon [_thread_blocked, id=8820, stack(0x0000006da2500000,0x0000006da2600000)]
  0x000001f125e67800 JavaThread "Service Thread" daemon [_thread_blocked, id=3176, stack(0x0000006da2600000,0x0000006da2700000)]
  0x000001f125e6e000 JavaThread "C2 CompilerThread0" daemon [_thread_blocked, id=2392, stack(0x0000006da2700000,0x0000006da2800000)]
  0x000001f125e6f000 JavaThread "C1 CompilerThread0" daemon [_thread_blocked, id=8624, stack(0x0000006da2800000,0x0000006da2900000)]
  0x000001f125e70800 JavaThread "Sweeper thread" daemon [_thread_blocked, id=11876, stack(0x0000006da2900000,0x0000006da2a00000)]
  0x000001f125fb9800 JavaThread "Common-Cleaner" daemon [_thread_blocked, id=2600, stack(0x0000006da2a00000,0x0000006da2b00000)]
  0x000001f12877d800 JavaThread "Daemon health stats" [_thread_blocked, id=8036, stack(0x0000006da3000000,0x0000006da3100000)]
  0x000001f129105000 JavaThread "Incoming local TCP Connector on port 52995" [_thread_in_native, id=12968, stack(0x0000006da2c00000,0x0000006da2d00000)]
  0x000001f128a4c800 JavaThread "Daemon periodic checks" [_thread_blocked, id=7176, stack(0x0000006da2d00000,0x0000006da2e00000)]
  0x000001f1293aa000 JavaThread "Cache worker for file hash cache (C:\Users\399pvd\.gradle\caches\7.0.2\fileHashes)" [_thread_blocked, id=1904, stack(0x0000006da3d00000,0x0000006da3e00000)]
  0x000001f1293ab000 JavaThread "File lock request listener" [_thread_in_native, id=3308, stack(0x0000006da3e00000,0x0000006da3f00000)]
  0x000001f1293a7000 JavaThread "Cache worker for journal cache (C:\Users\399pvd\.gradle\caches\journal-1)" [_thread_blocked, id=1464, stack(0x0000006da4000000,0x0000006da4100000)]
  0x000001f1293ac000 JavaThread "File watcher server" daemon [_thread_in_native, id=4832, stack(0x0000006da4300000,0x0000006da4400000)]
  0x000001f1293a6000 JavaThread "File watcher consumer" daemon [_thread_blocked, id=6492, stack(0x0000006da4400000,0x0000006da4500000)]
  0x000001f1293a7800 JavaThread "jar transforms" [_thread_blocked, id=8044, stack(0x0000006da4500000,0x0000006da4600000)]
  0x000001f1293a9800 JavaThread "jar transforms Thread 2" [_thread_blocked, id=11672, stack(0x0000006da4600000,0x0000006da4700000)]
  0x000001f128e30000 JavaThread "jar transforms Thread 3" [_thread_blocked, id=6012, stack(0x0000006da4700000,0x0000006da4800000)]
  0x000001f128e2a000 JavaThread "jar transforms Thread 4" [_thread_blocked, id=13516, stack(0x0000006da4800000,0x0000006da4900000)]
  0x000001f128e2e800 JavaThread "jar transforms Thread 5" [_thread_blocked, id=8816, stack(0x0000006da4900000,0x0000006da4a00000)]
  0x000001f128e2f000 JavaThread "jar transforms Thread 6" [_thread_blocked, id=8048, stack(0x0000006da4a00000,0x0000006da4b00000)]
  0x000001f128e31000 JavaThread "jar transforms Thread 7" [_thread_blocked, id=3980, stack(0x0000006da4b00000,0x0000006da4c00000)]
  0x000001f128e2b000 JavaThread "jar transforms Thread 8" [_thread_blocked, id=596, stack(0x0000006da4c00000,0x0000006da4d00000)]
  0x000001f128e2c000 JavaThread "Cache worker for execution history cache (C:\Users\399pvd\.gradle\caches\7.0.2\executionHistory)" [_thread_blocked, id=10356, stack(0x0000006da5000000,0x0000006da5100000)]
  0x000001f128e32800 JavaThread "Cache worker for file content cache (C:\Users\399pvd\.gradle\caches\7.0.2\fileContent)" [_thread_blocked, id=6544, stack(0x0000006da5200000,0x0000006da5300000)]
  0x000001f12b861000 JavaThread "Memory manager" [_thread_blocked, id=1468, stack(0x0000006da5d00000,0x0000006da5e00000)]
  0x000001f12f2dc000 JavaThread "Cache worker for Java compile cache (C:\Users\399pvd\.gradle\caches\7.0.2\javaCompile)" [_thread_blocked, id=9084, stack(0x0000006da6600000,0x0000006da6700000)]
  0x000001f132628800 JavaThread "Daemon Thread 13" [_thread_blocked, id=13056, stack(0x0000006da1800000,0x0000006da1900000)]
  0x000001f13262a000 JavaThread "Handler for socket connection from /127.0.0.1:52995 to /127.0.0.1:55906" [_thread_in_native, id=12124, stack(0x0000006da1900000,0x0000006da1a00000)]
  0x000001f13262b000 JavaThread "Cancel handler" [_thread_blocked, id=6392, stack(0x0000006da1a00000,0x0000006da1b00000)]
  0x000001f132625000 JavaThread "Daemon worker Thread 13" [_thread_blocked, id=10188, stack(0x0000006da3100000,0x0000006da3200000)]
  0x000001f13262b800 JavaThread "Asynchronous log dispatcher for DefaultDaemonConnection: socket connection from /127.0.0.1:52995 to /127.0.0.1:55906" [_thread_blocked, id=5920, stack(0x0000006da3200000,0x0000006da3300000)]
  0x000001f132626000 JavaThread "Stdin handler" [_thread_blocked, id=12508, stack(0x0000006da3300000,0x0000006da3400000)]
  0x000001f132627000 JavaThread "Daemon client event forwarder" [_thread_blocked, id=3168, stack(0x0000006da3400000,0x0000006da3500000)]
  0x000001f13262f800 JavaThread "Cache worker for file hash cache (D:\mylib\.gradle\7.0.2\fileHashes)" [_thread_blocked, id=3736, stack(0x0000006da3500000,0x0000006da3600000)]
  0x000001f132631800 JavaThread "Cache worker for checksums cache (D:\mylib\.gradle\checksums)" [_thread_blocked, id=4460, stack(0x0000006da3600000,0x0000006da3700000)]
  0x000001f132630800 JavaThread "Cache worker for cache directory md-supplier (C:\Users\399pvd\.gradle\caches\7.0.2\md-supplier)" [_thread_blocked, id=1476, stack(0x0000006da3700000,0x0000006da3800000)]
  0x000001f132632000 JavaThread "Cache worker for cache directory md-rule (C:\Users\399pvd\.gradle\caches\7.0.2\md-rule)" [_thread_blocked, id=11888, stack(0x0000006da4100000,0x0000006da4200000)]
  0x000001f13262c800 JavaThread "Cache worker for dependencies-accessors (D:\mylib\.gradle\7.0.2\dependencies-accessors)" [_thread_blocked, id=3624, stack(0x0000006da4200000,0x0000006da4300000)]
  0x000001f132633000 JavaThread "Cache worker for Build Output Cleanup Cache (D:\mylib\.gradle\buildOutputCleanup)" [_thread_blocked, id=4704, stack(0x0000006da4d00000,0x0000006da4e00000)]
=>0x000001f127ce7000 JavaThread "C2 CompilerThread1" daemon [_thread_in_native, id=9460, stack(0x0000006da4e00000,0x0000006da4f00000)]
  0x000001f12854b800 JavaThread "C2 CompilerThread2" daemon [_thread_in_native, id=3892, stack(0x0000006da4f00000,0x0000006da5000000)]
  0x000001f13262d800 JavaThread "Build operations" [_thread_blocked, id=3132, stack(0x0000006da5100000,0x0000006da5200000)]
  0x000001f13262f000 JavaThread "Build operations Thread 2" [_thread_blocked, id=5764, stack(0x0000006da5300000,0x0000006da5400000)]
  0x000001f132634000 JavaThread "Build operations Thread 3" [_thread_blocked, id=10320, stack(0x0000006da5400000,0x0000006da5500000)]
  0x000001f13262e000 JavaThread "Build operations Thread 4" [_thread_blocked, id=11164, stack(0x0000006da5500000,0x0000006da5600000)]
  0x000001f12f2da800 JavaThread "Build operations Thread 5" [_thread_blocked, id=10696, stack(0x0000006da5600000,0x0000006da5700000)]
  0x000001f12f2e1000 JavaThread "Build operations Thread 6" [_thread_blocked, id=6872, stack(0x0000006da5700000,0x0000006da5800000)]
  0x000001f12f2e0800 JavaThread "Build operations Thread 7" [_thread_blocked, id=2524, stack(0x0000006da5800000,0x0000006da5900000)]
  0x000001f12f2e2000 JavaThread "Build operations Thread 8" [_thread_blocked, id=7676, stack(0x0000006da5900000,0x0000006da5a00000)]
  0x000001f12f2e3000 JavaThread "build event listener" [_thread_blocked, id=3268, stack(0x0000006da5a00000,0x0000006da5b00000)]
  0x000001f12f2de000 JavaThread "Execution worker for ':'" [_thread_blocked, id=11008, stack(0x0000006da5b00000,0x0000006da5c00000)]
  0x000001f12f2dd000 JavaThread "Execution worker for ':' Thread 2" [_thread_blocked, id=14112, stack(0x0000006da5c00000,0x0000006da5d00000)]
  0x000001f12f2e3800 JavaThread "Execution worker for ':' Thread 3" [_thread_blocked, id=13504, stack(0x0000006da5e00000,0x0000006da5f00000)]
  0x000001f12f2e4800 JavaThread "Execution worker for ':' Thread 4" [_thread_blocked, id=6764, stack(0x0000006da5f00000,0x0000006da6000000)]
  0x000001f12f2de800 JavaThread "Execution worker for ':' Thread 5" [_thread_blocked, id=12512, stack(0x0000006da6000000,0x0000006da6100000)]
  0x000001f12f2e5000 JavaThread "Execution worker for ':' Thread 6" [_thread_blocked, id=1776, stack(0x0000006da6100000,0x0000006da6200000)]
  0x000001f12f2df800 JavaThread "Execution worker for ':' Thread 7" [_thread_blocked, id=13152, stack(0x0000006da6200000,0x0000006da6300000)]
  0x000001f12f2e6000 JavaThread "Cache worker for execution history cache (D:\mylib\.gradle\7.0.2\executionHistory)" [_thread_blocked, id=7908, stack(0x0000006da6300000,0x0000006da6400000)]
  0x000001f12f2e8800 JavaThread "WorkerExecutor Queue" [_thread_blocked, id=7804, stack(0x0000006da6400000,0x0000006da6500000)]
  0x000001f12f2e7000 JavaThread "WorkerExecutor Queue Thread 2" [_thread_blocked, id=2272, stack(0x0000006da6500000,0x0000006da6600000)]
  0x000001f12f2e7800 JavaThread "WorkerExecutor Queue Thread 3" [_thread_blocked, id=13728, stack(0x0000006da6700000,0x0000006da6800000)]
  0x000001f12f2e9800 JavaThread "pool-23-thread-1" [_thread_blocked, id=11696, stack(0x0000006da6800000,0x0000006da6900000)]
  0x000001f12b863800 JavaThread "stderr" [_thread_in_native, id=10884, stack(0x0000006da6900000,0x0000006da6a00000)]
  0x000001f12b864800 JavaThread "stdout" [_thread_in_native, id=3740, stack(0x0000006da6a00000,0x0000006da6b00000)]

Other Threads:
  0x000001f1254d7800 VMThread "VM Thread" [stack: 0x0000006da2100000,0x0000006da2200000] [id=11500]
  0x000001f125ff7000 WatcherThread [stack: 0x0000006da2b00000,0x0000006da2c00000] [id=7184]
  0x000001f10d6a9000 GCTaskThread "GC Thread#0" [stack: 0x0000006da1c00000,0x0000006da1d00000] [id=7056]
  0x000001f126bae000 GCTaskThread "GC Thread#1" [stack: 0x0000006da2e00000,0x0000006da2f00000] [id=2632]
  0x000001f126c14000 GCTaskThread "GC Thread#2" [stack: 0x0000006da2f00000,0x0000006da3000000] [id=4888]
  0x000001f12880d800 GCTaskThread "GC Thread#3" [stack: 0x0000006da3800000,0x0000006da3900000] [id=3452]
  0x000001f1288ef000 GCTaskThread "GC Thread#4" [stack: 0x0000006da3900000,0x0000006da3a00000] [id=9968]
  0x000001f129000800 GCTaskThread "GC Thread#5" [stack: 0x0000006da3a00000,0x0000006da3b00000] [id=2128]
  0x000001f129001800 GCTaskThread "GC Thread#6" [stack: 0x0000006da3b00000,0x0000006da3c00000] [id=6776]
  0x000001f128577800 GCTaskThread "GC Thread#7" [stack: 0x0000006da3c00000,0x0000006da3d00000] [id=13292]
  0x000001f10d6c4800 ConcurrentGCThread "G1 Main Marker" [stack: 0x0000006da1d00000,0x0000006da1e00000] [id=6136]
  0x000001f10d6c5800 ConcurrentGCThread "G1 Conc#0" [stack: 0x0000006da1e00000,0x0000006da1f00000] [id=10568]
  0x000001f127ce2000 ConcurrentGCThread "G1 Conc#1" [stack: 0x0000006da3f00000,0x0000006da4000000] [id=4780]
  0x000001f125330800 ConcurrentGCThread "G1 Refine#0" [stack: 0x0000006da1f00000,0x0000006da2000000] [id=7976]
  0x000001f125331000 ConcurrentGCThread "G1 Young RemSet Sampling" [stack: 0x0000006da2000000,0x0000006da2100000] [id=1432]

Threads with active compile tasks:
C2 CompilerThread13056727 25453       4       org.gradle.api.internal.artifacts.transform.TransformingAsyncArtifactListener$TransformedArtifact::startFinalization (15 bytes)
C2 CompilerThread23056727 25451       4       org.gradle.api.internal.artifacts.transform.AbstractTransformedArtifactSet::visit (97 bytes)

VM state:not at safepoint (normal execution)

VM Mutex/Monitor currently owned by a thread: None

Heap address: 0x00000000c0000000, size: 1024 MB, Compressed Oops mode: 32-bit
Narrow klass base: 0x0000000000000000, Narrow klass shift: 3
Compressed class space size: 1073741824 Address: 0x0000000100000000

Heap:
 garbage-first heap   total 222208K, used 189211K [0x00000000c0000000, 0x0000000100000000)
  region size 1024K, 40 young (40960K), 6 survivors (6144K)
 Metaspace       used 131518K, capacity 135728K, committed 135808K, reserved 1167360K
  class space    used 16044K, capacity 17464K, committed 17536K, reserved 1048576K
Heap Regions: E=young(eden), S=young(survivor), O=old, HS=humongous(starts), HC=humongous(continues), CS=collection set, F=free, A=archive, TAMS=top-at-mark-start (previous, next)
|   0|0x00000000c0000000, 0x00000000c0100000, 0x00000000c0100000|100%| O|  |TAMS 0x00000000c0100000, 0x00000000c0000000| Untracked 
|   1|0x00000000c0100000, 0x00000000c0200000, 0x00000000c0200000|100%| O|  |TAMS 0x00000000c0200000, 0x00000000c0100000| Untracked 
|   2|0x00000000c0200000, 0x00000000c0300000, 0x00000000c0300000|100%| O|  |TAMS 0x00000000c0300000, 0x00000000c0200000| Untracked 
|   3|0x00000000c0300000, 0x00000000c0400000, 0x00000000c0400000|100%|HS|  |TAMS 0x00000000c0400000, 0x00000000c0300000| Complete 
|   4|0x00000000c0400000, 0x00000000c0500000, 0x00000000c0500000|100%|HC|  |TAMS 0x00000000c0500000, 0x00000000c0400000| Complete 
|   5|0x00000000c0500000, 0x00000000c0600000, 0x00000000c0600000|100%|HC|  |TAMS 0x00000000c0600000, 0x00000000c0500000| Complete 
|   6|0x00000000c0600000, 0x00000000c0700000, 0x00000000c0700000|100%| O|  |TAMS 0x00000000c0700000, 0x00000000c0600000| Untracked 
|   7|0x00000000c0700000, 0x00000000c0800000, 0x00000000c0800000|100%| O|  |TAMS 0x00000000c0800000, 0x00000000c0700000| Untracked 
|   8|0x00000000c0800000, 0x00000000c0900000, 0x00000000c0900000|100%| O|  |TAMS 0x00000000c0900000, 0x00000000c0800000| Complete 
|   9|0x00000000c0900000, 0x00000000c0a00000, 0x00000000c0a00000|100%| O|  |TAMS 0x00000000c0a00000, 0x00000000c0900000| Untracked 
|  10|0x00000000c0a00000, 0x00000000c0b00000, 0x00000000c0b00000|100%| O|  |TAMS 0x00000000c0b00000, 0x00000000c0a00000| Untracked 
|  11|0x00000000c0b00000, 0x00000000c0c00000, 0x00000000c0c00000|100%| O|  |TAMS 0x00000000c0c00000, 0x00000000c0b00000| Untracked 
|  12|0x00000000c0c00000, 0x00000000c0d00000, 0x00000000c0d00000|100%| O|  |TAMS 0x00000000c0d00000, 0x00000000c0c00000| Untracked 
|  13|0x00000000c0d00000, 0x00000000c0e00000, 0x00000000c0e00000|100%| O|  |TAMS 0x00000000c0e00000, 0x00000000c0d00000| Complete 
|  14|0x00000000c0e00000, 0x00000000c0f00000, 0x00000000c0f00000|100%| O|  |TAMS 0x00000000c0f00000, 0x00000000c0e00000| Untracked 
|  15|0x00000000c0f00000, 0x00000000c1000000, 0x00000000c1000000|100%| O|  |TAMS 0x00000000c1000000, 0x00000000c0f00000| Complete 
|  16|0x00000000c1000000, 0x00000000c1100000, 0x00000000c1100000|100%|HS|  |TAMS 0x00000000c1100000, 0x00000000c1000000| Complete 
|  17|0x00000000c1100000, 0x00000000c1200000, 0x00000000c1200000|100%|HC|  |TAMS 0x00000000c1200000, 0x00000000c1100000| Complete 
|  18|0x00000000c1200000, 0x00000000c1300000, 0x00000000c1300000|100%|HS|  |TAMS 0x00000000c1300000, 0x00000000c1200000| Complete 
|  19|0x00000000c1300000, 0x00000000c1400000, 0x00000000c1400000|100%|HC|  |TAMS 0x00000000c1400000, 0x00000000c1300000| Complete 
|  20|0x00000000c1400000, 0x00000000c1500000, 0x00000000c1500000|100%|HC|  |TAMS 0x00000000c1500000, 0x00000000c1400000| Complete 
|  21|0x00000000c1500000, 0x00000000c1600000, 0x00000000c1600000|100%|HS|  |TAMS 0x00000000c1600000, 0x00000000c1500000| Complete 
|  22|0x00000000c1600000, 0x00000000c1700000, 0x00000000c1700000|100%|HC|  |TAMS 0x00000000c1700000, 0x00000000c1600000| Complete 
|  23|0x00000000c1700000, 0x00000000c1800000, 0x00000000c1800000|100%|HC|  |TAMS 0x00000000c1800000, 0x00000000c1700000| Complete 
|  24|0x00000000c1800000, 0x00000000c1900000, 0x00000000c1900000|100%|HC|  |TAMS 0x00000000c1900000, 0x00000000c1800000| Complete 
|  25|0x00000000c1900000, 0x00000000c1a00000, 0x00000000c1a00000|100%|HC|  |TAMS 0x00000000c1a00000, 0x00000000c1900000| Complete 
|  26|0x00000000c1a00000, 0x00000000c1b00000, 0x00000000c1b00000|100%| O|  |TAMS 0x00000000c1b00000, 0x00000000c1a00000| Untracked 
|  27|0x00000000c1b00000, 0x00000000c1c00000, 0x00000000c1c00000|100%| O|  |TAMS 0x00000000c1c00000, 0x00000000c1b00000| Complete 
|  28|0x00000000c1c00000, 0x00000000c1d00000, 0x00000000c1d00000|100%| O|  |TAMS 0x00000000c1d00000, 0x00000000c1c00000| Complete 
|  29|0x00000000c1d00000, 0x00000000c1e00000, 0x00000000c1e00000|100%| O|  |TAMS 0x00000000c1e00000, 0x00000000c1d00000| Untracked 
|  30|0x00000000c1e00000, 0x00000000c1f00000, 0x00000000c1f00000|100%| O|  |TAMS 0x00000000c1f00000, 0x00000000c1e00000| Complete 
|  31|0x00000000c1f00000, 0x00000000c2000000, 0x00000000c2000000|100%| O|  |TAMS 0x00000000c2000000, 0x00000000c1f00000| Complete 
|  32|0x00000000c2000000, 0x00000000c2100000, 0x00000000c2100000|100%| O|  |TAMS 0x00000000c2100000, 0x00000000c2000000| Untracked 
|  33|0x00000000c2100000, 0x00000000c2200000, 0x00000000c2200000|100%| O|  |TAMS 0x00000000c2200000, 0x00000000c2100000| Untracked 
|  34|0x00000000c2200000, 0x00000000c2300000, 0x00000000c2300000|100%| O|  |TAMS 0x00000000c2300000, 0x00000000c2200000| Complete 
|  35|0x00000000c2300000, 0x00000000c2400000, 0x00000000c2400000|100%| O|  |TAMS 0x00000000c2400000, 0x00000000c2300000| Complete 
|  36|0x00000000c2400000, 0x00000000c2400000, 0x00000000c2500000|  0%| F|  |TAMS 0x00000000c2400000, 0x00000000c2400000| Untracked 
|  37|0x00000000c2500000, 0x00000000c2500000, 0x00000000c2600000|  0%| F|  |TAMS 0x00000000c2500000, 0x00000000c2500000| Untracked 
|  38|0x00000000c2600000, 0x00000000c2700000, 0x00000000c2700000|100%| O|  |TAMS 0x00000000c2700000, 0x00000000c2600000| Complete 
|  39|0x00000000c2700000, 0x00000000c2700000, 0x00000000c2800000|  0%| F|  |TAMS 0x00000000c2700000, 0x00000000c2700000| Untracked 
|  40|0x00000000c2800000, 0x00000000c2900000, 0x00000000c2900000|100%| O|  |TAMS 0x00000000c2900000, 0x00000000c2800000| Complete 
|  41|0x00000000c2900000, 0x00000000c2a00000, 0x00000000c2a00000|100%| O|  |TAMS 0x00000000c2a00000, 0x00000000c2900000| Complete 
|  42|0x00000000c2a00000, 0x00000000c2a00000, 0x00000000c2b00000|  0%| F|  |TAMS 0x00000000c2a00000, 0x00000000c2a00000| Untracked 
|  43|0x00000000c2b00000, 0x00000000c2c00000, 0x00000000c2c00000|100%| O|  |TAMS 0x00000000c2c00000, 0x00000000c2b00000| Untracked 
|  44|0x00000000c2c00000, 0x00000000c2d00000, 0x00000000c2d00000|100%| O|  |TAMS 0x00000000c2d00000, 0x00000000c2c00000| Untracked 
|  45|0x00000000c2d00000, 0x00000000c2e00000, 0x00000000c2e00000|100%| O|  |TAMS 0x00000000c2e00000, 0x00000000c2d00000| Untracked 
|  46|0x00000000c2e00000, 0x00000000c2f00000, 0x00000000c2f00000|100%| O|  |TAMS 0x00000000c2f00000, 0x00000000c2e00000| Untracked 
|  47|0x00000000c2f00000, 0x00000000c3000000, 0x00000000c3000000|100%| O|  |TAMS 0x00000000c3000000, 0x00000000c2f00000| Untracked 
|  48|0x00000000c3000000, 0x00000000c3100000, 0x00000000c3100000|100%| O|  |TAMS 0x00000000c3100000, 0x00000000c3000000| Untracked 
|  49|0x00000000c3100000, 0x00000000c3200000, 0x00000000c3200000|100%| O|  |TAMS 0x00000000c3200000, 0x00000000c3100000| Complete 
|  50|0x00000000c3200000, 0x00000000c3300000, 0x00000000c3300000|100%| O|  |TAMS 0x00000000c3300000, 0x00000000c3200000| Complete 
|  51|0x00000000c3300000, 0x00000000c3400000, 0x00000000c3400000|100%| O|  |TAMS 0x00000000c3400000, 0x00000000c3300000| Complete 
|  52|0x00000000c3400000, 0x00000000c3500000, 0x00000000c3500000|100%| O|  |TAMS 0x00000000c3500000, 0x00000000c3400000| Complete 
|  53|0x00000000c3500000, 0x00000000c3600000, 0x00000000c3600000|100%| O|  |TAMS 0x00000000c3600000, 0x00000000c3500000| Untracked 
|  54|0x00000000c3600000, 0x00000000c3700000, 0x00000000c3700000|100%| O|  |TAMS 0x00000000c3700000, 0x00000000c3600000| Complete 
|  55|0x00000000c3700000, 0x00000000c3800000, 0x00000000c3800000|100%|HS|  |TAMS 0x00000000c3800000, 0x00000000c3700000| Complete 
|  56|0x00000000c3800000, 0x00000000c3900000, 0x00000000c3900000|100%|HS|  |TAMS 0x00000000c3900000, 0x00000000c3800000| Complete 
|  57|0x00000000c3900000, 0x00000000c3a00000, 0x00000000c3a00000|100%| O|  |TAMS 0x00000000c3a00000, 0x00000000c3900000| Untracked 
|  58|0x00000000c3a00000, 0x00000000c3b00000, 0x00000000c3b00000|100%| O|  |TAMS 0x00000000c3b00000, 0x00000000c3a00000| Complete 
|  59|0x00000000c3b00000, 0x00000000c3c00000, 0x00000000c3c00000|100%| O|  |TAMS 0x00000000c3c00000, 0x00000000c3b00000| Complete 
|  60|0x00000000c3c00000, 0x00000000c3d00000, 0x00000000c3d00000|100%|HS|  |TAMS 0x00000000c3d00000, 0x00000000c3c00000| Complete 
|  61|0x00000000c3d00000, 0x00000000c3e00000, 0x00000000c3e00000|100%|HC|  |TAMS 0x00000000c3e00000, 0x00000000c3d00000| Complete 
|  62|0x00000000c3e00000, 0x00000000c3f00000, 0x00000000c3f00000|100%| O|  |TAMS 0x00000000c3f00000, 0x00000000c3e00000| Untracked 
|  63|0x00000000c3f00000, 0x00000000c4000000, 0x00000000c4000000|100%| O|  |TAMS 0x00000000c4000000, 0x00000000c3f00000| Untracked 
|  64|0x00000000c4000000, 0x00000000c4100000, 0x00000000c4100000|100%| O|  |TAMS 0x00000000c4100000, 0x00000000c4000000| Untracked 
|  65|0x00000000c4100000, 0x00000000c4200000, 0x00000000c4200000|100%| O|  |TAMS 0x00000000c4200000, 0x00000000c4100000| Untracked 
|  66|0x00000000c4200000, 0x00000000c4300000, 0x00000000c4300000|100%| O|  |TAMS 0x00000000c4300000, 0x00000000c4200000| Complete 
|  67|0x00000000c4300000, 0x00000000c4400000, 0x00000000c4400000|100%| O|  |TAMS 0x00000000c4400000, 0x00000000c4300000| Complete 
|  68|0x00000000c4400000, 0x00000000c4500000, 0x00000000c4500000|100%| O|  |TAMS 0x00000000c4500000, 0x00000000c4400000| Complete 
|  69|0x00000000c4500000, 0x00000000c4600000, 0x00000000c4600000|100%| O|  |TAMS 0x00000000c4600000, 0x00000000c4500000| Untracked 
|  70|0x00000000c4600000, 0x00000000c4700000, 0x00000000c4700000|100%| O|  |TAMS 0x00000000c4700000, 0x00000000c4600000| Complete 
|  71|0x00000000c4700000, 0x00000000c4800000, 0x00000000c4800000|100%| O|  |TAMS 0x00000000c4800000, 0x00000000c4700000| Untracked 
|  72|0x00000000c4800000, 0x00000000c4900000, 0x00000000c4900000|100%| O|  |TAMS 0x00000000c4900000, 0x00000000c4800000| Untracked 
|  73|0x00000000c4900000, 0x00000000c4a00000, 0x00000000c4a00000|100%| O|  |TAMS 0x00000000c4a00000, 0x00000000c4900000| Complete 
|  74|0x00000000c4a00000, 0x00000000c4b00000, 0x00000000c4b00000|100%| O|  |TAMS 0x00000000c4b00000, 0x00000000c4a00000| Complete 
|  75|0x00000000c4b00000, 0x00000000c4c00000, 0x00000000c4c00000|100%| O|  |TAMS 0x00000000c4c00000, 0x00000000c4b00000| Complete 
|  76|0x00000000c4c00000, 0x00000000c4d00000, 0x00000000c4d00000|100%| O|  |TAMS 0x00000000c4d00000, 0x00000000c4c00000| Untracked 
|  77|0x00000000c4d00000, 0x00000000c4e00000, 0x00000000c4e00000|100%| O|  |TAMS 0x00000000c4e00000, 0x00000000c4d00000| Untracked 
|  78|0x00000000c4e00000, 0x00000000c4f00000, 0x00000000c4f00000|100%|HS|  |TAMS 0x00000000c4f00000, 0x00000000c4e00000| Complete 
|  79|0x00000000c4f00000, 0x00000000c5000000, 0x00000000c5000000|100%|HC|  |TAMS 0x00000000c5000000, 0x00000000c4f00000| Complete 
|  80|0x00000000c5000000, 0x00000000c5100000, 0x00000000c5100000|100%|HC|  |TAMS 0x00000000c5100000, 0x00000000c5000000| Complete 
|  81|0x00000000c5100000, 0x00000000c5200000, 0x00000000c5200000|100%| O|  |TAMS 0x00000000c5200000, 0x00000000c5100000| Complete 
|  82|0x00000000c5200000, 0x00000000c5300000, 0x00000000c5300000|100%| O|  |TAMS 0x00000000c5300000, 0x00000000c5200000| Complete 
|  83|0x00000000c5300000, 0x00000000c5400000, 0x00000000c5400000|100%|HS|  |TAMS 0x00000000c5300000, 0x00000000c5300000| Complete 
|  84|0x00000000c5400000, 0x00000000c5400000, 0x00000000c5500000|  0%| F|  |TAMS 0x00000000c5400000, 0x00000000c5400000| Untracked 
|  85|0x00000000c5500000, 0x00000000c5600000, 0x00000000c5600000|100%| O|  |TAMS 0x00000000c5600000, 0x00000000c5500000| Complete 
|  86|0x00000000c5600000, 0x00000000c5700000, 0x00000000c5700000|100%| O|  |TAMS 0x00000000c5700000, 0x00000000c5600000| Complete 
|  87|0x00000000c5700000, 0x00000000c5800000, 0x00000000c5800000|100%| O|  |TAMS 0x00000000c5800000, 0x00000000c5700000| Complete 
|  88|0x00000000c5800000, 0x00000000c5900000, 0x00000000c5900000|100%| O|  |TAMS 0x00000000c5900000, 0x00000000c5800000| Complete 
|  89|0x00000000c5900000, 0x00000000c5a00000, 0x00000000c5a00000|100%| O|  |TAMS 0x00000000c5a00000, 0x00000000c5900000| Complete 
|  90|0x00000000c5a00000, 0x00000000c5b00000, 0x00000000c5b00000|100%| O|  |TAMS 0x00000000c5b00000, 0x00000000c5a00000| Complete 
|  91|0x00000000c5b00000, 0x00000000c5bc6c00, 0x00000000c5c00000| 77%| O|  |TAMS 0x00000000c5bc6c00, 0x00000000c5b00000| Untracked 
|  92|0x00000000c5c00000, 0x00000000c5d00000, 0x00000000c5d00000|100%| O|  |TAMS 0x00000000c5d00000, 0x00000000c5c00000| Untracked 
|  93|0x00000000c5d00000, 0x00000000c5e00000, 0x00000000c5e00000|100%| O|  |TAMS 0x00000000c5e00000, 0x00000000c5d00000| Complete 
|  94|0x00000000c5e00000, 0x00000000c5e00000, 0x00000000c5f00000|  0%| F|  |TAMS 0x00000000c5e00000, 0x00000000c5e00000| Untracked 
|  95|0x00000000c5f00000, 0x00000000c6000000, 0x00000000c6000000|100%| O|  |TAMS 0x00000000c6000000, 0x00000000c5f00000| Complete 
|  96|0x00000000c6000000, 0x00000000c6100000, 0x00000000c6100000|100%| O|  |TAMS 0x00000000c6100000, 0x00000000c6000000| Untracked 
|  97|0x00000000c6100000, 0x00000000c6200000, 0x00000000c6200000|100%| O|  |TAMS 0x00000000c6200000, 0x00000000c6100000| Complete 
|  98|0x00000000c6200000, 0x00000000c6300000, 0x00000000c6300000|100%| O|  |TAMS 0x00000000c6300000, 0x00000000c6200000| Complete 
|  99|0x00000000c6300000, 0x00000000c6400000, 0x00000000c6400000|100%| O|  |TAMS 0x00000000c6400000, 0x00000000c6300000| Untracked 
| 100|0x00000000c6400000, 0x00000000c6500000, 0x00000000c6500000|100%| O|  |TAMS 0x00000000c6500000, 0x00000000c6400000| Untracked 
| 101|0x00000000c6500000, 0x00000000c6500000, 0x00000000c6600000|  0%| F|  |TAMS 0x00000000c6500000, 0x00000000c6500000| Untracked 
| 102|0x00000000c6600000, 0x00000000c6700000, 0x00000000c6700000|100%| O|  |TAMS 0x00000000c6700000, 0x00000000c6600000| Complete 
| 103|0x00000000c6700000, 0x00000000c6800000, 0x00000000c6800000|100%| O|  |TAMS 0x00000000c6800000, 0x00000000c6700000| Complete 
| 104|0x00000000c6800000, 0x00000000c6900000, 0x00000000c6900000|100%| O|  |TAMS 0x00000000c6900000, 0x00000000c6800000| Complete 
| 105|0x00000000c6900000, 0x00000000c6a00000, 0x00000000c6a00000|100%| O|  |TAMS 0x00000000c6a00000, 0x00000000c6900000| Complete 
| 106|0x00000000c6a00000, 0x00000000c6b00000, 0x00000000c6b00000|100%| O|  |TAMS 0x00000000c6b00000, 0x00000000c6a00000| Complete 
| 107|0x00000000c6b00000, 0x00000000c6c00000, 0x00000000c6c00000|100%| O|  |TAMS 0x00000000c6c00000, 0x00000000c6b00000| Complete 
| 108|0x00000000c6c00000, 0x00000000c6d00000, 0x00000000c6d00000|100%| O|  |TAMS 0x00000000c6d00000, 0x00000000c6c00000| Untracked 
| 109|0x00000000c6d00000, 0x00000000c6e00000, 0x00000000c6e00000|100%| O|  |TAMS 0x00000000c6e00000, 0x00000000c6d00000| Untracked 
| 110|0x00000000c6e00000, 0x00000000c6f00000, 0x00000000c6f00000|100%| O|  |TAMS 0x00000000c6f00000, 0x00000000c6e00000| Complete 
| 111|0x00000000c6f00000, 0x00000000c7000000, 0x00000000c7000000|100%|HS|  |TAMS 0x00000000c6f00000, 0x00000000c6f00000| Complete 
| 112|0x00000000c7000000, 0x00000000c7100000, 0x00000000c7100000|100%|HC|  |TAMS 0x00000000c7000000, 0x00000000c7000000| Complete 
| 113|0x00000000c7100000, 0x00000000c7200000, 0x00000000c7200000|100%| O|  |TAMS 0x00000000c7200000, 0x00000000c7100000| Complete 
| 114|0x00000000c7200000, 0x00000000c7300000, 0x00000000c7300000|100%|HS|  |TAMS 0x00000000c7300000, 0x00000000c7200000| Complete 
| 115|0x00000000c7300000, 0x00000000c7400000, 0x00000000c7400000|100%|HC|  |TAMS 0x00000000c7400000, 0x00000000c7300000| Complete 
| 116|0x00000000c7400000, 0x00000000c7500000, 0x00000000c7500000|100%|HC|  |TAMS 0x00000000c7500000, 0x00000000c7400000| Complete 
| 117|0x00000000c7500000, 0x00000000c7600000, 0x00000000c7600000|100%|HC|  |TAMS 0x00000000c7600000, 0x00000000c7500000| Complete 
| 118|0x00000000c7600000, 0x00000000c7700000, 0x00000000c7700000|100%|HC|  |TAMS 0x00000000c7700000, 0x00000000c7600000| Complete 
| 119|0x00000000c7700000, 0x00000000c7800000, 0x00000000c7800000|100%| O|  |TAMS 0x00000000c7800000, 0x00000000c7700000| Untracked 
| 120|0x00000000c7800000, 0x00000000c7900000, 0x00000000c7900000|100%| O|  |TAMS 0x00000000c7900000, 0x00000000c7800000| Complete 
| 121|0x00000000c7900000, 0x00000000c7a00000, 0x00000000c7a00000|100%| O|  |TAMS 0x00000000c7a00000, 0x00000000c7900000| Complete 
| 122|0x00000000c7a00000, 0x00000000c7b00000, 0x00000000c7b00000|100%| O|  |TAMS 0x00000000c7b00000, 0x00000000c7a00000| Untracked 
| 123|0x00000000c7b00000, 0x00000000c7c00000, 0x00000000c7c00000|100%| O|  |TAMS 0x00000000c7c00000, 0x00000000c7b00000| Untracked 
| 124|0x00000000c7c00000, 0x00000000c7c00000, 0x00000000c7d00000|  0%| F|  |TAMS 0x00000000c7c00000, 0x00000000c7c00000| Untracked 
| 125|0x00000000c7d00000, 0x00000000c7e00000, 0x00000000c7e00000|100%| O|  |TAMS 0x00000000c7e00000, 0x00000000c7d00000| Complete 
| 126|0x00000000c7e00000, 0x00000000c7f00000, 0x00000000c7f00000|100%| O|  |TAMS 0x00000000c7f00000, 0x00000000c7e00000| Complete 
| 127|0x00000000c7f00000, 0x00000000c8000000, 0x00000000c8000000|100%| O|  |TAMS 0x00000000c8000000, 0x00000000c7f00000| Complete 
| 128|0x00000000c8000000, 0x00000000c8100000, 0x00000000c8100000|100%| O|  |TAMS 0x00000000c8100000, 0x00000000c8000000| Complete 
| 129|0x00000000c8100000, 0x00000000c8200000, 0x00000000c8200000|100%| O|  |TAMS 0x00000000c8200000, 0x00000000c8100000| Complete 
| 130|0x00000000c8200000, 0x00000000c8300000, 0x00000000c8300000|100%| O|  |TAMS 0x00000000c8300000, 0x00000000c8200000| Complete 
| 131|0x00000000c8300000, 0x00000000c8400000, 0x00000000c8400000|100%|HS|  |TAMS 0x00000000c8300000, 0x00000000c8300000| Complete 
| 132|0x00000000c8400000, 0x00000000c8500000, 0x00000000c8500000|100%|HC|  |TAMS 0x00000000c8400000, 0x00000000c8400000| Complete 
| 133|0x00000000c8500000, 0x00000000c8600000, 0x00000000c8600000|100%|HC|  |TAMS 0x00000000c8500000, 0x00000000c8500000| Complete 
| 134|0x00000000c8600000, 0x00000000c8700000, 0x00000000c8700000|100%|HC|  |TAMS 0x00000000c8600000, 0x00000000c8600000| Complete 
| 135|0x00000000c8700000, 0x00000000c8700000, 0x00000000c8800000|  0%| F|  |TAMS 0x00000000c8700000, 0x00000000c8700000| Untracked 
| 136|0x00000000c8800000, 0x00000000c8900000, 0x00000000c8900000|100%| O|  |TAMS 0x00000000c8900000, 0x00000000c8800000| Untracked 
| 137|0x00000000c8900000, 0x00000000c8a00000, 0x00000000c8a00000|100%| O|  |TAMS 0x00000000c8a00000, 0x00000000c8900000| Untracked 
| 138|0x00000000c8a00000, 0x00000000c8a00000, 0x00000000c8b00000|  0%| F|  |TAMS 0x00000000c8a00000, 0x00000000c8a00000| Untracked 
| 139|0x00000000c8b00000, 0x00000000c8c00000, 0x00000000c8c00000|100%| O|  |TAMS 0x00000000c8c00000, 0x00000000c8b00000| Untracked 
| 140|0x00000000c8c00000, 0x00000000c8d00000, 0x00000000c8d00000|100%| O|  |TAMS 0x00000000c8d00000, 0x00000000c8c00000| Untracked 
| 141|0x00000000c8d00000, 0x00000000c8e00000, 0x00000000c8e00000|100%| O|  |TAMS 0x00000000c8e00000, 0x00000000c8d00000| Untracked 
| 142|0x00000000c8e00000, 0x00000000c8f00000, 0x00000000c8f00000|100%| O|  |TAMS 0x00000000c8f00000, 0x00000000c8e00000| Untracked 
| 143|0x00000000c8f00000, 0x00000000c8f00000, 0x00000000c9000000|  0%| F|  |TAMS 0x00000000c8f00000, 0x00000000c8f00000| Untracked 
| 144|0x00000000c9000000, 0x00000000c9100000, 0x00000000c9100000|100%| O|  |TAMS 0x00000000c9100000, 0x00000000c9000000| Complete 
| 145|0x00000000c9100000, 0x00000000c9200000, 0x00000000c9200000|100%|HS|  |TAMS 0x00000000c9100000, 0x00000000c9100000| Complete 
| 146|0x00000000c9200000, 0x00000000c9300000, 0x00000000c9300000|100%|HC|  |TAMS 0x00000000c9200000, 0x00000000c9200000| Complete 
| 147|0x00000000c9300000, 0x00000000c9300000, 0x00000000c9400000|  0%| F|  |TAMS 0x00000000c9300000, 0x00000000c9300000| Untracked 
| 148|0x00000000c9400000, 0x00000000c9400000, 0x00000000c9500000|  0%| F|  |TAMS 0x00000000c9400000, 0x00000000c9400000| Untracked 
| 149|0x00000000c9500000, 0x00000000c9600000, 0x00000000c9600000|100%| O|  |TAMS 0x00000000c9600000, 0x00000000c9500000| Complete 
| 150|0x00000000c9600000, 0x00000000c9600000, 0x00000000c9700000|  0%| F|  |TAMS 0x00000000c9600000, 0x00000000c9600000| Untracked 
| 151|0x00000000c9700000, 0x00000000c9800000, 0x00000000c9800000|100%| O|  |TAMS 0x00000000c9800000, 0x00000000c9700000| Complete 
| 152|0x00000000c9800000, 0x00000000c9900000, 0x00000000c9900000|100%| O|  |TAMS 0x00000000c9900000, 0x00000000c9800000| Complete 
| 153|0x00000000c9900000, 0x00000000c9a00000, 0x00000000c9a00000|100%| O|  |TAMS 0x00000000c9a00000, 0x00000000c9900000| Untracked 
| 154|0x00000000c9a00000, 0x00000000c9b00000, 0x00000000c9b00000|100%| O|  |TAMS 0x00000000c9b00000, 0x00000000c9a00000| Complete 
| 155|0x00000000c9b00000, 0x00000000c9c00000, 0x00000000c9c00000|100%|HS|  |TAMS 0x00000000c9b00000, 0x00000000c9b00000| Complete 
| 156|0x00000000c9c00000, 0x00000000c9d00000, 0x00000000c9d00000|100%|HC|  |TAMS 0x00000000c9c00000, 0x00000000c9c00000| Complete 
| 157|0x00000000c9d00000, 0x00000000c9e00000, 0x00000000c9e00000|100%|HC|  |TAMS 0x00000000c9d00000, 0x00000000c9d00000| Complete 
| 158|0x00000000c9e00000, 0x00000000c9f00000, 0x00000000c9f00000|100%|HS|  |TAMS 0x00000000c9e00000, 0x00000000c9e00000| Complete 
| 159|0x00000000c9f00000, 0x00000000ca000000, 0x00000000ca000000|100%|HC|  |TAMS 0x00000000c9f00000, 0x00000000c9f00000| Complete 
| 160|0x00000000ca000000, 0x00000000ca100000, 0x00000000ca100000|100%|HC|  |TAMS 0x00000000ca000000, 0x00000000ca000000| Complete 
| 161|0x00000000ca100000, 0x00000000ca100000, 0x00000000ca200000|  0%| F|  |TAMS 0x00000000ca100000, 0x00000000ca100000| Untracked 
| 162|0x00000000ca200000, 0x00000000ca200000, 0x00000000ca300000|  0%| F|  |TAMS 0x00000000ca200000, 0x00000000ca200000| Untracked 
| 163|0x00000000ca300000, 0x00000000ca400000, 0x00000000ca400000|100%| S|CS|TAMS 0x00000000ca300000, 0x00000000ca300000| Complete 
| 164|0x00000000ca400000, 0x00000000ca500000, 0x00000000ca500000|100%| S|CS|TAMS 0x00000000ca400000, 0x00000000ca400000| Complete 
| 165|0x00000000ca500000, 0x00000000ca600000, 0x00000000ca600000|100%| S|CS|TAMS 0x00000000ca500000, 0x00000000ca500000| Complete 
| 166|0x00000000ca600000, 0x00000000ca700000, 0x00000000ca700000|100%| S|CS|TAMS 0x00000000ca600000, 0x00000000ca600000| Complete 
| 167|0x00000000ca700000, 0x00000000ca800000, 0x00000000ca800000|100%| S|CS|TAMS 0x00000000ca700000, 0x00000000ca700000| Complete 
| 168|0x00000000ca800000, 0x00000000ca900000, 0x00000000ca900000|100%| S|CS|TAMS 0x00000000ca800000, 0x00000000ca800000| Complete 
| 169|0x00000000ca900000, 0x00000000ca900000, 0x00000000caa00000|  0%| F|  |TAMS 0x00000000ca900000, 0x00000000ca900000| Untracked 
| 170|0x00000000caa00000, 0x00000000caa00000, 0x00000000cab00000|  0%| F|  |TAMS 0x00000000caa00000, 0x00000000caa00000| Untracked 
| 171|0x00000000cab00000, 0x00000000cab00000, 0x00000000cac00000|  0%| F|  |TAMS 0x00000000cab00000, 0x00000000cab00000| Untracked 
| 172|0x00000000cac00000, 0x00000000cac00000, 0x00000000cad00000|  0%| F|  |TAMS 0x00000000cac00000, 0x00000000cac00000| Untracked 
| 173|0x00000000cad00000, 0x00000000cad00000, 0x00000000cae00000|  0%| F|  |TAMS 0x00000000cad00000, 0x00000000cad00000| Untracked 
| 174|0x00000000cae00000, 0x00000000cae00000, 0x00000000caf00000|  0%| F|  |TAMS 0x00000000cae00000, 0x00000000cae00000| Untracked 
| 175|0x00000000caf00000, 0x00000000caf00000, 0x00000000cb000000|  0%| F|  |TAMS 0x00000000caf00000, 0x00000000caf00000| Untracked 
| 176|0x00000000cb000000, 0x00000000cb000000, 0x00000000cb100000|  0%| F|  |TAMS 0x00000000cb000000, 0x00000000cb000000| Untracked 
| 177|0x00000000cb100000, 0x00000000cb100000, 0x00000000cb200000|  0%| F|  |TAMS 0x00000000cb100000, 0x00000000cb100000| Untracked 
| 178|0x00000000cb200000, 0x00000000cb200000, 0x00000000cb300000|  0%| F|  |TAMS 0x00000000cb200000, 0x00000000cb200000| Untracked 
| 179|0x00000000cb300000, 0x00000000cb300000, 0x00000000cb400000|  0%| F|  |TAMS 0x00000000cb300000, 0x00000000cb300000| Untracked 
| 180|0x00000000cb400000, 0x00000000cb400000, 0x00000000cb500000|  0%| F|  |TAMS 0x00000000cb400000, 0x00000000cb400000| Untracked 
| 181|0x00000000cb500000, 0x00000000cb500000, 0x00000000cb600000|  0%| F|  |TAMS 0x00000000cb500000, 0x00000000cb500000| Untracked 
| 182|0x00000000cb600000, 0x00000000cb600000, 0x00000000cb700000|  0%| F|  |TAMS 0x00000000cb600000, 0x00000000cb600000| Untracked 
| 183|0x00000000cb700000, 0x00000000cb76d260, 0x00000000cb800000| 42%| E|  |TAMS 0x00000000cb700000, 0x00000000cb700000| Complete 
| 184|0x00000000cb800000, 0x00000000cb900000, 0x00000000cb900000|100%| E|CS|TAMS 0x00000000cb800000, 0x00000000cb800000| Complete 
| 185|0x00000000cb900000, 0x00000000cba00000, 0x00000000cba00000|100%| E|CS|TAMS 0x00000000cb900000, 0x00000000cb900000| Complete 
| 186|0x00000000cba00000, 0x00000000cbb00000, 0x00000000cbb00000|100%| E|CS|TAMS 0x00000000cba00000, 0x00000000cba00000| Complete 
| 187|0x00000000cbb00000, 0x00000000cbc00000, 0x00000000cbc00000|100%| E|CS|TAMS 0x00000000cbb00000, 0x00000000cbb00000| Complete 
| 188|0x00000000cbc00000, 0x00000000cbd00000, 0x00000000cbd00000|100%| E|CS|TAMS 0x00000000cbc00000, 0x00000000cbc00000| Complete 
| 189|0x00000000cbd00000, 0x00000000cbe00000, 0x00000000cbe00000|100%| E|CS|TAMS 0x00000000cbd00000, 0x00000000cbd00000| Complete 
| 190|0x00000000cbe00000, 0x00000000cbf00000, 0x00000000cbf00000|100%| E|CS|TAMS 0x00000000cbe00000, 0x00000000cbe00000| Complete 
| 191|0x00000000cbf00000, 0x00000000cc000000, 0x00000000cc000000|100%| E|CS|TAMS 0x00000000cbf00000, 0x00000000cbf00000| Complete 
| 192|0x00000000cc000000, 0x00000000cc100000, 0x00000000cc100000|100%| E|CS|TAMS 0x00000000cc000000, 0x00000000cc000000| Complete 
| 193|0x00000000cc100000, 0x00000000cc200000, 0x00000000cc200000|100%| E|CS|TAMS 0x00000000cc100000, 0x00000000cc100000| Complete 
| 194|0x00000000cc200000, 0x00000000cc300000, 0x00000000cc300000|100%| E|CS|TAMS 0x00000000cc200000, 0x00000000cc200000| Complete 
| 195|0x00000000cc300000, 0x00000000cc400000, 0x00000000cc400000|100%| E|CS|TAMS 0x00000000cc300000, 0x00000000cc300000| Complete 
| 196|0x00000000cc400000, 0x00000000cc500000, 0x00000000cc500000|100%| E|  |TAMS 0x00000000cc400000, 0x00000000cc400000| Complete 
| 197|0x00000000cc500000, 0x00000000cc600000, 0x00000000cc600000|100%| E|CS|TAMS 0x00000000cc500000, 0x00000000cc500000| Complete 
| 198|0x00000000cc600000, 0x00000000cc700000, 0x00000000cc700000|100%| E|CS|TAMS 0x00000000cc600000, 0x00000000cc600000| Complete 
| 199|0x00000000cc700000, 0x00000000cc800000, 0x00000000cc800000|100%| E|CS|TAMS 0x00000000cc700000, 0x00000000cc700000| Complete 
| 200|0x00000000cc800000, 0x00000000cc900000, 0x00000000cc900000|100%| E|CS|TAMS 0x00000000cc800000, 0x00000000cc800000| Complete 
| 201|0x00000000cc900000, 0x00000000cca00000, 0x00000000cca00000|100%| E|CS|TAMS 0x00000000cc900000, 0x00000000cc900000| Complete 
| 202|0x00000000cca00000, 0x00000000ccb00000, 0x00000000ccb00000|100%| E|CS|TAMS 0x00000000cca00000, 0x00000000cca00000| Complete 
| 203|0x00000000ccb00000, 0x00000000ccc00000, 0x00000000ccc00000|100%| E|CS|TAMS 0x00000000ccb00000, 0x00000000ccb00000| Complete 
| 204|0x00000000ccc00000, 0x00000000ccd00000, 0x00000000ccd00000|100%| E|CS|TAMS 0x00000000ccc00000, 0x00000000ccc00000| Complete 
| 205|0x00000000ccd00000, 0x00000000cce00000, 0x00000000cce00000|100%| E|CS|TAMS 0x00000000ccd00000, 0x00000000ccd00000| Complete 
| 206|0x00000000cce00000, 0x00000000ccf00000, 0x00000000ccf00000|100%| E|CS|TAMS 0x00000000cce00000, 0x00000000cce00000| Complete 
| 207|0x00000000ccf00000, 0x00000000cd000000, 0x00000000cd000000|100%| E|CS|TAMS 0x00000000ccf00000, 0x00000000ccf00000| Complete 
| 208|0x00000000cd000000, 0x00000000cd100000, 0x00000000cd100000|100%| E|CS|TAMS 0x00000000cd000000, 0x00000000cd000000| Complete 
| 209|0x00000000cd100000, 0x00000000cd200000, 0x00000000cd200000|100%| E|CS|TAMS 0x00000000cd100000, 0x00000000cd100000| Complete 
| 210|0x00000000cd200000, 0x00000000cd300000, 0x00000000cd300000|100%| E|CS|TAMS 0x00000000cd200000, 0x00000000cd200000| Complete 
| 211|0x00000000cd300000, 0x00000000cd400000, 0x00000000cd400000|100%| E|CS|TAMS 0x00000000cd300000, 0x00000000cd300000| Complete 
| 212|0x00000000cd400000, 0x00000000cd500000, 0x00000000cd500000|100%| E|CS|TAMS 0x00000000cd400000, 0x00000000cd400000| Complete 
| 213|0x00000000cd500000, 0x00000000cd600000, 0x00000000cd600000|100%| E|CS|TAMS 0x00000000cd500000, 0x00000000cd500000| Complete 
| 214|0x00000000cd600000, 0x00000000cd700000, 0x00000000cd700000|100%| E|CS|TAMS 0x00000000cd600000, 0x00000000cd600000| Complete 
| 215|0x00000000cd700000, 0x00000000cd800000, 0x00000000cd800000|100%| E|CS|TAMS 0x00000000cd700000, 0x00000000cd700000| Complete 
| 216|0x00000000cd800000, 0x00000000cd900000, 0x00000000cd900000|100%| E|CS|TAMS 0x00000000cd800000, 0x00000000cd800000| Complete 

Card table byte_map: [0x000001f1206a0000,0x000001f1208a0000] _byte_map_base: 0x000001f1200a0000

Marking Bits (Prev, Next): (CMBitMap*) 0x000001f10d6bfbd0, (CMBitMap*) 0x000001f10d6bfb98
 Prev Bits: [0x000001f121aa0000, 0x000001f122aa0000)
 Next Bits: [0x000001f120aa0000, 0x000001f121aa0000)

Polling page: 0x000001f10ce60000

Metaspace:

Usage:
  Non-class:    115.49 MB capacity,   112.77 MB ( 98%) used,     2.30 MB (  2%) free+waste,   432.13 KB ( <1%) overhead. 
      Class:     17.05 MB capacity,    15.67 MB ( 92%) used,     1.20 MB (  7%) free+waste,   191.50 KB (  1%) overhead. 
       Both:    132.55 MB capacity,   128.44 MB ( 97%) used,     3.50 MB (  3%) free+waste,   623.63 KB ( <1%) overhead. 

Virtual space:
  Non-class space:      116.00 MB reserved,     115.50 MB (>99%) committed 
      Class space:        1.00 GB reserved,      17.13 MB (  2%) committed 
             Both:        1.11 GB reserved,     132.63 MB ( 12%) committed 

Chunk freelists:
   Non-Class:  8.00 KB
       Class:  8.00 KB
        Both:  16.00 KB

MaxMetaspaceSize: 17179869184.00 GB
CompressedClassSpaceSize: 1.00 GB

CodeHeap 'non-profiled nmethods': size=120000Kb used=18545Kb max_used=18545Kb free=101455Kb
 bounds [0x000001f118c40000, 0x000001f119e60000, 0x000001f120170000]
CodeHeap 'profiled nmethods': size=120000Kb used=49237Kb max_used=49237Kb free=70762Kb
 bounds [0x000001f111710000, 0x000001f114760000, 0x000001f118c40000]
CodeHeap 'non-nmethods': size=5760Kb used=2368Kb max_used=2439Kb free=3391Kb
 bounds [0x000001f111170000, 0x000001f1113e0000, 0x000001f111710000]
 total_blobs=23505 nmethods=22530 adapters=885
 compilation: enabled
              stopped_count=0, restarted_count=0
 full_count=0

Compilation events (20 events):
Event: 3056.344 Thread 0x000001f125e6f000 nmethod 25496 0x000001f11474f490 code [0x000001f11474f640, 0x000001f11474f7e8]
Event: 3056.344 Thread 0x000001f125e6f000 25498       2       java.io.ObjectInputStream$PeekInputStream::read (115 bytes)
Event: 3056.344 Thread 0x000001f125e6f000 nmethod 25498 0x000001f11474f910 code [0x000001f11474fae0, 0x000001f11474fd18]
Event: 3056.344 Thread 0x000001f125e6f000 25497       2       org.gradle.internal.snapshot.impl.FileValueSnapshot::isolate (15 bytes)
Event: 3056.345 Thread 0x000001f125e6f000 nmethod 25497 0x000001f11474fe10 code [0x000001f11474ffc0, 0x000001f114750168]
Event: 3056.345 Thread 0x000001f125e6f000 25499       2       java.util.IdentityHashMap::capacity (29 bytes)
Event: 3056.346 Thread 0x000001f125e6f000 nmethod 25499 0x000001f114750290 code [0x000001f114750440, 0x000001f114750588]
Event: 3056.347 Thread 0x000001f125e6f000 25500       2       com.android.repository.Revision::toString (9 bytes)
Event: 3056.348 Thread 0x000001f125e6f000 nmethod 25500 0x000001f114750690 code [0x000001f114750840, 0x000001f114750948]
Event: 3056.384 Thread 0x000001f127ce7000 nmethod 25448 0x000001f119e50590 code [0x000001f119e50880, 0x000001f119e51cf0]
Event: 3056.384 Thread 0x000001f127ce7000 25489       4       org.gradle.internal.fingerprint.impl.RelativePathFingerprintingStrategy$$Lambda$1436/0x0000000100d92040::visitEntry (18 bytes)
Event: 3056.385 Thread 0x000001f127ce7000 nmethod 25489 0x000001f119e52d10 code [0x000001f119e52ec0, 0x000001f119e52f88]
Event: 3056.385 Thread 0x000001f127ce7000 25403       4       org.gradle.api.internal.file.CompositeFileCollection$$Lambda$395/0x000000010058f840::accept (12 bytes)
Event: 3056.386 Thread 0x000001f127ce7000 nmethod 25403 0x000001f119e53090 code [0x000001f119e53220, 0x000001f119e53318]
Event: 3056.386 Thread 0x000001f127ce7000 25490       4       org.gradle.api.internal.file.collections.FileCollectionAdapter::getIntrinsicFiles (10 bytes)
Event: 3056.386 Thread 0x000001f127ce7000 nmethod 25490 0x000001f119e53410 code [0x000001f119e535a0, 0x000001f119e53638]
Event: 3056.386 Thread 0x000001f127ce7000 25492       4       com.google.common.collect.ImmutableSortedMap$1EntrySet$1::size (11 bytes)
Event: 3056.387 Thread 0x000001f127ce7000 nmethod 25492 0x000001f119e53710 code [0x000001f119e538a0, 0x000001f119e53958]
Event: 3056.387 Thread 0x000001f127ce7000 25453       4       org.gradle.api.internal.artifacts.transform.TransformingAsyncArtifactListener$TransformedArtifact::startFinalization (15 bytes)
Event: 3056.613 Thread 0x000001f125e6e000 nmethod 25435 0x000001f119e53a90 code [0x000001f119e54120, 0x000001f119e5a330]

GC Heap History (20 events):
Event: 2898.564 GC heap before
{Heap before GC invocations=197 (full 0):
 garbage-first heap   total 222208K, used 180129K [0x00000000c0000000, 0x0000000100000000)
  region size 1024K, 46 young (47104K), 1 survivors (1024K)
 Metaspace       used 128752K, capacity 132694K, committed 132864K, reserved 1165312K
  class space    used 15734K, capacity 17096K, committed 17152K, reserved 1048576K
}
Event: 2898.574 GC heap after
{Heap after GC invocations=198 (full 0):
 garbage-first heap   total 222208K, used 137503K [0x00000000c0000000, 0x0000000100000000)
  region size 1024K, 5 young (5120K), 5 survivors (5120K)
 Metaspace       used 128752K, capacity 132694K, committed 132864K, reserved 1165312K
  class space    used 15734K, capacity 17096K, committed 17152K, reserved 1048576K
}
Event: 2899.150 GC heap before
{Heap before GC invocations=199 (full 0):
 garbage-first heap   total 222208K, used 182559K [0x00000000c0000000, 0x0000000100000000)
  region size 1024K, 48 young (49152K), 5 survivors (5120K)
 Metaspace       used 128831K, capacity 132906K, committed 133120K, reserved 1165312K
  class space    used 15736K, capacity 17101K, committed 17152K, reserved 1048576K
}
Event: 2899.166 GC heap after
{Heap after GC invocations=200 (full 0):
 garbage-first heap   total 222208K, used 149504K [0x00000000c0000000, 0x0000000100000000)
  region size 1024K, 6 young (6144K), 6 survivors (6144K)
 Metaspace       used 128831K, capacity 132906K, committed 133120K, reserved 1165312K
  class space    used 15736K, capacity 17101K, committed 17152K, reserved 1048576K
}
Event: 2899.191 GC heap before
{Heap before GC invocations=200 (full 0):
 garbage-first heap   total 222208K, used 153600K [0x00000000c0000000, 0x0000000100000000)
  region size 1024K, 10 young (10240K), 6 survivors (6144K)
 Metaspace       used 128834K, capacity 132907K, committed 133120K, reserved 1165312K
  class space    used 15736K, capacity 17101K, committed 17152K, reserved 1048576K
}
Event: 2899.210 GC heap after
{Heap after GC invocations=201 (full 0):
 garbage-first heap   total 222208K, used 143950K [0x00000000c0000000, 0x0000000100000000)
  region size 1024K, 2 young (2048K), 2 survivors (2048K)
 Metaspace       used 128834K, capacity 132907K, committed 133120K, reserved 1165312K
  class space    used 15736K, capacity 17101K, committed 17152K, reserved 1048576K
}
Event: 2899.536 GC heap before
{Heap before GC invocations=201 (full 0):
 garbage-first heap   total 222208K, used 178766K [0x00000000c0000000, 0x0000000100000000)
  region size 1024K, 37 young (37888K), 2 survivors (2048K)
 Metaspace       used 128906K, capacity 132989K, committed 133120K, reserved 1165312K
  class space    used 15738K, capacity 17105K, committed 17152K, reserved 1048576K
}
Event: 2899.545 GC heap after
{Heap after GC invocations=202 (full 0):
 garbage-first heap   total 222208K, used 145278K [0x00000000c0000000, 0x0000000100000000)
  region size 1024K, 3 young (3072K), 3 survivors (3072K)
 Metaspace       used 128906K, capacity 132989K, committed 133120K, reserved 1165312K
  class space    used 15738K, capacity 17105K, committed 17152K, reserved 1048576K
}
Event: 2957.578 GC heap before
{Heap before GC invocations=203 (full 0):
 garbage-first heap   total 222208K, used 181118K [0x00000000c0000000, 0x0000000100000000)
  region size 1024K, 40 young (40960K), 3 survivors (3072K)
 Metaspace       used 130770K, capacity 134951K, committed 135168K, reserved 1167360K
  class space    used 15976K, capacity 17365K, committed 17408K, reserved 1048576K
}
Event: 2957.587 GC heap after
{Heap after GC invocations=204 (full 0):
 garbage-first heap   total 222208K, used 148383K [0x00000000c0000000, 0x0000000100000000)
  region size 1024K, 5 young (5120K), 5 survivors (5120K)
 Metaspace       used 130770K, capacity 134951K, committed 135168K, reserved 1167360K
  class space    used 15976K, capacity 17365K, committed 17408K, reserved 1048576K
}
Event: 2957.665 GC heap before
{Heap before GC invocations=204 (full 0):
 garbage-first heap   total 222208K, used 152479K [0x00000000c0000000, 0x0000000100000000)
  region size 1024K, 10 young (10240K), 5 survivors (5120K)
 Metaspace       used 130934K, capacity 135111K, committed 135168K, reserved 1167360K
  class space    used 15999K, capacity 17397K, committed 17408K, reserved 1048576K
}
Event: 2957.680 GC heap after
{Heap after GC invocations=205 (full 0):
 garbage-first heap   total 222208K, used 133228K [0x00000000c0000000, 0x0000000100000000)
  region size 1024K, 2 young (2048K), 2 survivors (2048K)
 Metaspace       used 130934K, capacity 135111K, committed 135168K, reserved 1167360K
  class space    used 15999K, capacity 17397K, committed 17408K, reserved 1048576K
}
Event: 2958.262 GC heap before
{Heap before GC invocations=205 (full 0):
 garbage-first heap   total 222208K, used 179308K [0x00000000c0000000, 0x0000000100000000)
  region size 1024K, 48 young (49152K), 2 survivors (2048K)
 Metaspace       used 131190K, capacity 135534K, committed 135808K, reserved 1167360K
  class space    used 16030K, capacity 17450K, committed 17536K, reserved 1048576K
}
Event: 2958.273 GC heap after
{Heap after GC invocations=206 (full 0):
 garbage-first heap   total 222208K, used 135624K [0x00000000c0000000, 0x0000000100000000)
  region size 1024K, 4 young (4096K), 4 survivors (4096K)
 Metaspace       used 131190K, capacity 135534K, committed 135808K, reserved 1167360K
  class space    used 16030K, capacity 17450K, committed 17536K, reserved 1048576K
}
Event: 3055.589 GC heap before
{Heap before GC invocations=207 (full 0):
 garbage-first heap   total 222208K, used 180680K [0x00000000c0000000, 0x0000000100000000)
  region size 1024K, 50 young (51200K), 4 survivors (4096K)
 Metaspace       used 131348K, capacity 135576K, committed 135808K, reserved 1167360K
  class space    used 16040K, capacity 17458K, committed 17536K, reserved 1048576K
}
Event: 3055.598 GC heap after
{Heap after GC invocations=208 (full 0):
 garbage-first heap   total 222208K, used 139114K [0x00000000c0000000, 0x0000000100000000)
  region size 1024K, 7 young (7168K), 7 survivors (7168K)
 Metaspace       used 131348K, capacity 135576K, committed 135808K, reserved 1167360K
  class space    used 16040K, capacity 17458K, committed 17536K, reserved 1048576K
}
Event: 3055.632 GC heap before
{Heap before GC invocations=208 (full 0):
 garbage-first heap   total 222208K, used 144234K [0x00000000c0000000, 0x0000000100000000)
  region size 1024K, 10 young (10240K), 7 survivors (7168K)
 Metaspace       used 131349K, capacity 135576K, committed 135808K, reserved 1167360K
  class space    used 16040K, capacity 17458K, committed 17536K, reserved 1048576K
}
Event: 3055.649 GC heap after
{Heap after GC invocations=209 (full 0):
 garbage-first heap   total 222208K, used 134574K [0x00000000c0000000, 0x0000000100000000)
  region size 1024K, 2 young (2048K), 2 survivors (2048K)
 Metaspace       used 131349K, capacity 135576K, committed 135808K, reserved 1167360K
  class space    used 16040K, capacity 17458K, committed 17536K, reserved 1048576K
}
Event: 3055.896 GC heap before
{Heap before GC invocations=209 (full 0):
 garbage-first heap   total 222208K, used 181678K [0x00000000c0000000, 0x0000000100000000)
  region size 1024K, 48 young (49152K), 2 survivors (2048K)
 Metaspace       used 131362K, capacity 135640K, committed 135808K, reserved 1167360K
  class space    used 16041K, capacity 17458K, committed 17536K, reserved 1048576K
}
Event: 3055.912 GC heap after
{Heap after GC invocations=210 (full 0):
 garbage-first heap   total 222208K, used 145179K [0x00000000c0000000, 0x0000000100000000)
  region size 1024K, 6 young (6144K), 6 survivors (6144K)
 Metaspace       used 131362K, capacity 135640K, committed 135808K, reserved 1167360K
  class space    used 16041K, capacity 17458K, committed 17536K, reserved 1048576K
}

Deoptimization events (20 events):
Event: 3056.023 Thread 0x000001f12f2e8800 DEOPT PACKING pc=0x000001f112e2b879 sp=0x0000006da64fd520
Event: 3056.023 Thread 0x000001f12f2e8800 DEOPT UNPACKING pc=0x000001f111198ede sp=0x0000006da64fc9f8 mode 0
Event: 3056.088 Thread 0x000001f12f2df800 DEOPT PACKING pc=0x000001f111a19217 sp=0x0000006da62f9e20
Event: 3056.088 Thread 0x000001f12f2df800 DEOPT UNPACKING pc=0x000001f111198ede sp=0x0000006da62f9348 mode 0
Event: 3056.153 Thread 0x000001f12f2df800 Uncommon trap: trap_request=0xffffffc6 fr.pc=0x000001f118d362d4 relative=0x0000000000000174
Event: 3056.153 Thread 0x000001f12f2df800 Uncommon trap: reason=bimorphic_or_optimized_type_check action=maybe_recompile pc=0x000001f118d362d4 method=org.apache.xerces.dom.ElementImpl.getNodeName()Ljava/lang/String; @ 8 c2
Event: 3056.153 Thread 0x000001f12f2df800 DEOPT PACKING pc=0x000001f118d362d4 sp=0x0000006da62fa0c0
Event: 3056.153 Thread 0x000001f12f2df800 DEOPT UNPACKING pc=0x000001f1111783af sp=0x0000006da62fa078 mode 2
Event: 3056.210 Thread 0x000001f12f2e8800 Uncommon trap: trap_request=0xffffffde fr.pc=0x000001f11943bc8c relative=0x000000000000014c
Event: 3056.210 Thread 0x000001f12f2e8800 Uncommon trap: reason=class_check action=maybe_recompile pc=0x000001f11943bc8c method=org.apache.xerces.dom.ElementImpl.getTagName()Ljava/lang/String; @ 8 c2
Event: 3056.210 Thread 0x000001f12f2e8800 DEOPT PACKING pc=0x000001f11943bc8c sp=0x0000006da64fda30
Event: 3056.210 Thread 0x000001f12f2e8800 DEOPT UNPACKING pc=0x000001f1111783af sp=0x0000006da64fd9f0 mode 2
Event: 3056.283 Thread 0x000001f12f2e7000 DEOPT PACKING pc=0x000001f111b958dc sp=0x0000006da65fdb10
Event: 3056.283 Thread 0x000001f12f2e7000 DEOPT UNPACKING pc=0x000001f111198ede sp=0x0000006da65fd050 mode 0
Event: 3056.283 Thread 0x000001f12f2e7000 DEOPT PACKING pc=0x000001f113ecd76e sp=0x0000006da65fdb00
Event: 3056.283 Thread 0x000001f12f2e7000 DEOPT UNPACKING pc=0x000001f111198ede sp=0x0000006da65fd040 mode 0
Event: 3056.284 Thread 0x000001f12f2e7000 Uncommon trap: trap_request=0xffffffde fr.pc=0x000001f11943bc8c relative=0x000000000000014c
Event: 3056.284 Thread 0x000001f12f2e7000 Uncommon trap: reason=class_check action=maybe_recompile pc=0x000001f11943bc8c method=org.apache.xerces.dom.ElementImpl.getTagName()Ljava/lang/String; @ 8 c2
Event: 3056.284 Thread 0x000001f12f2e7000 DEOPT PACKING pc=0x000001f11943bc8c sp=0x0000006da65fdf30
Event: 3056.284 Thread 0x000001f12f2e7000 DEOPT UNPACKING pc=0x000001f1111783af sp=0x0000006da65fdef0 mode 2

Classes redefined (0 events):
No events

Internal exceptions (20 events):
Event: 2957.874 Thread 0x000001f12b869800 Exception <a 'java/lang/NoSuchMethodError'{0x00000000cce584e0}: <clinit>> (0x00000000cce584e0) thrown at [./src/hotspot/share/prims/jni.cpp, line 1362]
Event: 2957.918 Thread 0x000001f12b869800 Exception <a 'sun/nio/fs/WindowsException'{0x00000000ccc5df88}> (0x00000000ccc5df88) thrown at [./src/hotspot/share/prims/jni.cpp, line 615]
Event: 2957.926 Thread 0x000001f12b869800 Exception <a 'sun/nio/fs/WindowsException'{0x00000000cccf8708}> (0x00000000cccf8708) thrown at [./src/hotspot/share/prims/jni.cpp, line 615]
Event: 2957.926 Thread 0x000001f12b869800 Exception <a 'sun/nio/fs/WindowsException'{0x00000000cccf9978}> (0x00000000cccf9978) thrown at [./src/hotspot/share/prims/jni.cpp, line 615]
Event: 2957.926 Thread 0x000001f12b869800 Exception <a 'sun/nio/fs/WindowsException'{0x00000000cccfac38}> (0x00000000cccfac38) thrown at [./src/hotspot/share/prims/jni.cpp, line 615]
Event: 2957.927 Thread 0x000001f12b869800 Exception <a 'sun/nio/fs/WindowsException'{0x00000000cccfbef8}> (0x00000000cccfbef8) thrown at [./src/hotspot/share/prims/jni.cpp, line 615]
Event: 2957.960 Thread 0x000001f12b869800 Exception <a 'java/lang/reflect/InvocationTargetException'{0x00000000cca77888}> (0x00000000cca77888) thrown at [./src/hotspot/share/runtime/reflection.cpp, line 1247]
Event: 2958.188 Thread 0x000001f12b869800 Implicit null exception at 0x000001f119ba2fdd to 0x000001f119bac1bc
Event: 2958.232 Thread 0x000001f12b869800 Implicit null exception at 0x000001f119ba2fdd to 0x000001f119bac1bc
Event: 2958.245 Thread 0x000001f12b869800 Implicit null exception at 0x000001f119ba2fdd to 0x000001f119bac1bc
Event: 2958.345 Thread 0x000001f12b869800 Exception <a 'java/lang/NoSuchMethodError'{0x00000000cceafd28}: <clinit>> (0x00000000cceafd28) thrown at [./src/hotspot/share/prims/jni.cpp, line 1362]
Event: 2958.363 Thread 0x000001f12b869800 Exception <a 'java/lang/ClassNotFoundException'{0x00000000cceef478}: org/jetbrains/plugins/gradle/tooling/util/JavaPluginUtilBeanInfo> (0x00000000cceef478) thrown at [./src/hotspot/share/classfile/systemDictionary.cpp, line 231]
Event: 2958.363 Thread 0x000001f12b869800 Exception <a 'java/lang/ClassNotFoundException'{0x00000000ccefee00}: org/jetbrains/plugins/gradle/tooling/util/JavaPluginUtilCustomizer> (0x00000000ccefee00) thrown at [./src/hotspot/share/classfile/systemDictionary.cpp, line 231]
Event: 3055.377 Thread 0x000001f132625000 Exception <a 'sun/nio/fs/WindowsException'{0x00000000cb9fdcf8}> (0x00000000cb9fdcf8) thrown at [./src/hotspot/share/prims/jni.cpp, line 615]
Event: 3055.413 Thread 0x000001f132625000 Exception <a 'java/lang/NoClassDefFoundError'{0x00000000cb6abfe0}: org/jetbrains/kotlin/gradle/plugin/KotlinBasePluginWrapper> (0x00000000cb6abfe0) thrown at [./src/hotspot/share/oops/constantPool.cpp, line 775]
Event: 3055.425 Thread 0x000001f132625000 Exception <a 'sun/nio/fs/WindowsException'{0x00000000cb56d798}> (0x00000000cb56d798) thrown at [./src/hotspot/share/prims/jni.cpp, line 615]
Event: 3055.433 Thread 0x000001f132625000 Exception <a 'sun/nio/fs/WindowsException'{0x00000000cb410140}> (0x00000000cb410140) thrown at [./src/hotspot/share/prims/jni.cpp, line 615]
Event: 3055.434 Thread 0x000001f132625000 Exception <a 'sun/nio/fs/WindowsException'{0x00000000cb411108}> (0x00000000cb411108) thrown at [./src/hotspot/share/prims/jni.cpp, line 615]
Event: 3055.434 Thread 0x000001f132625000 Exception <a 'sun/nio/fs/WindowsException'{0x00000000cb412120}> (0x00000000cb412120) thrown at [./src/hotspot/share/prims/jni.cpp, line 615]
Event: 3055.434 Thread 0x000001f132625000 Exception <a 'sun/nio/fs/WindowsException'{0x00000000cb413138}> (0x00000000cb413138) thrown at [./src/hotspot/share/prims/jni.cpp, line 615]

Events (20 events):
Event: 3056.326 Executing VM operation: RevokeBias done
Event: 3056.326 Executing VM operation: RevokeBias
Event: 3056.326 Executing VM operation: RevokeBias done
Event: 3056.326 Executing VM operation: RevokeBias
Event: 3056.326 Executing VM operation: RevokeBias done
Event: 3056.326 Executing VM operation: RevokeBias
Event: 3056.326 Executing VM operation: RevokeBias done
Event: 3056.327 Executing VM operation: RevokeBias
Event: 3056.327 Executing VM operation: RevokeBias done
Event: 3056.327 Executing VM operation: RevokeBias
Event: 3056.327 Executing VM operation: RevokeBias done
Event: 3056.327 Executing VM operation: RevokeBias
Event: 3056.327 Executing VM operation: RevokeBias done
Event: 3056.327 Executing VM operation: BulkRevokeBias
Event: 3056.328 Executing VM operation: BulkRevokeBias done
Event: 3056.347 Executing VM operation: RevokeBias
Event: 3056.347 Executing VM operation: RevokeBias done
Event: 3056.352 Thread 0x000001f12f2e9800 Thread added: 0x000001f12f2e9800
Event: 3056.360 Thread 0x000001f12b863800 Thread added: 0x000001f12b863800
Event: 3056.360 Thread 0x000001f12b864800 Thread added: 0x000001f12b864800


Dynamic libraries:
0x00007ff70a980000 - 0x00007ff70a98a000 	C:\Program Files\Android\Android Studio\jre\bin\java.exe
0x00007ff9a0a00000 - 0x00007ff9a0c07000 	C:\WINDOWS\SYSTEM32\ntdll.dll
0x00007ff99fea0000 - 0x00007ff99ff5d000 	C:\WINDOWS\System32\KERNEL32.DLL
0x00007ff99dee0000 - 0x00007ff99e254000 	C:\WINDOWS\System32\KERNELBASE.dll
0x00007ff99b120000 - 0x00007ff99b1b1000 	C:\WINDOWS\SYSTEM32\apphelp.dll
0x00007ff99e480000 - 0x00007ff99e591000 	C:\WINDOWS\System32\ucrtbase.dll
0x00007ff997420000 - 0x00007ff997439000 	C:\Program Files\Android\Android Studio\jre\bin\jli.dll
0x00007ff98f190000 - 0x00007ff98f1a7000 	C:\Program Files\Android\Android Studio\jre\bin\VCRUNTIME140.dll
0x00007ff99f950000 - 0x00007ff99fafc000 	C:\WINDOWS\System32\USER32.dll
0x00007ff9810b0000 - 0x00007ff981355000 	C:\WINDOWS\WinSxS\amd64_microsoft.windows.common-controls_6595b64144ccf1df_6.0.22000.120_none_9d947278b86cc467\COMCTL32.dll
0x00007ff99e260000 - 0x00007ff99e286000 	C:\WINDOWS\System32\win32u.dll
0x00007ff9a0830000 - 0x00007ff9a08d3000 	C:\WINDOWS\System32\msvcrt.dll
0x00007ff9a05c0000 - 0x00007ff9a05e9000 	C:\WINDOWS\System32\GDI32.dll
0x00007ff99e700000 - 0x00007ff99e812000 	C:\WINDOWS\System32\gdi32full.dll
0x00007ff99e660000 - 0x00007ff99e6fd000 	C:\WINDOWS\System32\msvcp_win.dll
0x00007ff99efa0000 - 0x00007ff99efd1000 	C:\WINDOWS\System32\IMM32.DLL
0x00007ff97f190000 - 0x00007ff97f22d000 	C:\Program Files\Android\Android Studio\jre\bin\msvcp140.dll
0x00007ff9590d0000 - 0x00007ff959b9f000 	C:\Program Files\Android\Android Studio\jre\bin\server\jvm.dll
0x00007ff99fcc0000 - 0x00007ff99fd6c000 	C:\WINDOWS\System32\ADVAPI32.dll
0x00007ff9a0680000 - 0x00007ff9a071d000 	C:\WINDOWS\System32\sechost.dll
0x00007ff99fd70000 - 0x00007ff99fe91000 	C:\WINDOWS\System32\RPCRT4.dll
0x00007ff9a04f0000 - 0x00007ff9a04f8000 	C:\WINDOWS\System32\PSAPI.DLL
0x00007ff9855f0000 - 0x00007ff9855f9000 	C:\WINDOWS\SYSTEM32\WSOCK32.dll
0x00007ff997060000 - 0x00007ff997093000 	C:\WINDOWS\SYSTEM32\WINMM.dll
0x00007ff997050000 - 0x00007ff99705a000 	C:\WINDOWS\SYSTEM32\VERSION.dll
0x00007ff99ea40000 - 0x00007ff99eaaf000 	C:\WINDOWS\System32\WS2_32.dll
0x00007ff99d010000 - 0x00007ff99d028000 	C:\WINDOWS\SYSTEM32\kernel.appcore.dll
0x00007ff98bdb0000 - 0x00007ff98bdc1000 	C:\Program Files\Android\Android Studio\jre\bin\verify.dll
0x00007ff99b9c0000 - 0x00007ff99bbe1000 	C:\WINDOWS\SYSTEM32\DBGHELP.DLL
0x00007ff9852d0000 - 0x00007ff985301000 	C:\WINDOWS\SYSTEM32\dbgcore.DLL
0x00007ff99e290000 - 0x00007ff99e310000 	C:\WINDOWS\System32\bcryptPrimitives.dll
0x00007ff98bd80000 - 0x00007ff98bda9000 	C:\Program Files\Android\Android Studio\jre\bin\java.dll
0x00007ff99b040000 - 0x00007ff99b04b000 	C:\Program Files\Android\Android Studio\jre\bin\jimage.dll
0x00007ff98bd60000 - 0x00007ff98bd78000 	C:\Program Files\Android\Android Studio\jre\bin\zip.dll
0x00007ff99efe0000 - 0x00007ff99f789000 	C:\WINDOWS\System32\SHELL32.dll
0x00007ff99c060000 - 0x00007ff99c8c2000 	C:\WINDOWS\SYSTEM32\windows.storage.dll
0x00007ff99ec20000 - 0x00007ff99ef98000 	C:\WINDOWS\System32\combase.dll
0x00007ff99bef0000 - 0x00007ff99c056000 	C:\WINDOWS\SYSTEM32\wintypes.dll
0x00007ff9a0400000 - 0x00007ff9a04ea000 	C:\WINDOWS\System32\SHCORE.dll
0x00007ff9a0560000 - 0x00007ff9a05bd000 	C:\WINDOWS\System32\shlwapi.dll
0x00007ff99de10000 - 0x00007ff99de31000 	C:\WINDOWS\SYSTEM32\profapi.dll
0x00007ff989c30000 - 0x00007ff989c4a000 	C:\Program Files\Android\Android Studio\jre\bin\net.dll
0x00007ff996970000 - 0x00007ff996a7c000 	C:\WINDOWS\SYSTEM32\WINHTTP.dll
0x00007ff99d420000 - 0x00007ff99d487000 	C:\WINDOWS\system32\mswsock.dll
0x00007ff989c10000 - 0x00007ff989c24000 	C:\Program Files\Android\Android Studio\jre\bin\nio.dll
0x00007ff98eff0000 - 0x00007ff98f017000 	C:\Users\399pvd\.gradle\native\8bec1ad78214c89d9ad589b4d07fe93259594b29d510b10fafb7a158f7737e5d\windows-amd64\native-platform.dll
0x00007ff968a40000 - 0x00007ff968b7d000 	C:\Users\399pvd\.gradle\native\53dbd7edfb1c66fb8903c78663c9afc45aea4f116125fa6feffd364cf09443e8\windows-amd64\native-platform-file-events.dll
0x00007ff98b2e0000 - 0x00007ff98b2ea000 	C:\Program Files\Android\Android Studio\jre\bin\management.dll
0x00007ff989fc0000 - 0x00007ff989fcc000 	C:\Program Files\Android\Android Studio\jre\bin\management_ext.dll
0x00007ff99d660000 - 0x00007ff99d678000 	C:\WINDOWS\SYSTEM32\CRYPTSP.dll
0x00007ff99cf70000 - 0x00007ff99cfa5000 	C:\WINDOWS\system32\rsaenh.dll
0x00007ff99d510000 - 0x00007ff99d539000 	C:\WINDOWS\SYSTEM32\USERENV.dll
0x00007ff99d7e0000 - 0x00007ff99d807000 	C:\WINDOWS\SYSTEM32\bcrypt.dll
0x00007ff99d680000 - 0x00007ff99d68c000 	C:\WINDOWS\SYSTEM32\CRYPTBASE.dll
0x00007ff99cb60000 - 0x00007ff99cb8d000 	C:\WINDOWS\SYSTEM32\IPHLPAPI.DLL
0x00007ff9a0670000 - 0x00007ff9a0679000 	C:\WINDOWS\System32\NSI.dll
0x00007ff9963e0000 - 0x00007ff9963f9000 	C:\WINDOWS\SYSTEM32\dhcpcsvc6.DLL
0x00007ff9975f0000 - 0x00007ff99760e000 	C:\WINDOWS\SYSTEM32\dhcpcsvc.DLL
0x00007ff99cb90000 - 0x00007ff99cc77000 	C:\WINDOWS\SYSTEM32\DNSAPI.dll

dbghelp: loaded successfully - version: 4.0.5 - missing functions: none
symbol engine: initialized successfully - sym options: 0x614 - pdb path: .;C:\Program Files\Android\Android Studio\jre\bin;C:\WINDOWS\SYSTEM32;C:\WINDOWS\WinSxS\amd64_microsoft.windows.common-controls_6595b64144ccf1df_6.0.22000.120_none_9d947278b86cc467;C:\Program Files\Android\Android Studio\jre\bin\server;C:\Users\399pvd\.gradle\native\8bec1ad78214c89d9ad589b4d07fe93259594b29d510b10fafb7a158f7737e5d\windows-amd64;C:\Users\399pvd\.gradle\native\53dbd7edfb1c66fb8903c78663c9afc45aea4f116125fa6feffd364cf09443e8\windows-amd64

VM Arguments:
jvm_args: --add-opens=java.base/java.util=ALL-UNNAMED --add-opens=java.base/java.lang=ALL-UNNAMED --add-opens=java.base/java.lang.invoke=ALL-UNNAMED --add-opens=java.base/java.util=ALL-UNNAMED --add-opens=java.prefs/java.util.prefs=ALL-UNNAMED --add-opens=java.prefs/java.util.prefs=ALL-UNNAMED --add-opens=java.base/java.nio.charset=ALL-UNNAMED --add-opens=java.base/java.net=ALL-UNNAMED --add-opens=java.base/java.util.concurrent.atomic=ALL-UNNAMED -Xmx1024m -Dfile.encoding=windows-1252 -Duser.country=US -Duser.language=en -Duser.variant 
java_command: org.gradle.launcher.daemon.bootstrap.GradleDaemon 7.0.2
java_class_path (initial): C:\Users\399pvd\.gradle\wrapper\dists\gradle-7.0.2-bin\857tjihv64xamwrf0h14cai3r\gradle-7.0.2\lib\gradle-launcher-7.0.2.jar
Launcher Type: SUN_STANDARD

[Global flags]
     intx CICompilerCount                          = 4                                         {product} {ergonomic}
     uint ConcGCThreads                            = 2                                         {product} {ergonomic}
     uint G1ConcRefinementThreads                  = 8                                         {product} {ergonomic}
   size_t G1HeapRegionSize                         = 1048576                                   {product} {ergonomic}
    uintx GCDrainStackTargetSize                   = 64                                        {product} {ergonomic}
   size_t InitialHeapSize                          = 132120576                                 {product} {ergonomic}
   size_t MarkStackSize                            = 4194304                                   {product} {ergonomic}
   size_t MaxHeapSize                              = 1073741824                                {product} {command line}
   size_t MaxNewSize                               = 643825664                                 {product} {ergonomic}
   size_t MinHeapDeltaBytes                        = 1048576                                   {product} {ergonomic}
    uintx NonNMethodCodeHeapSize                   = 5836300                                {pd product} {ergonomic}
    uintx NonProfiledCodeHeapSize                  = 122910970                              {pd product} {ergonomic}
    uintx ProfiledCodeHeapSize                     = 122910970                              {pd product} {ergonomic}
    uintx ReservedCodeCacheSize                    = 251658240                              {pd product} {ergonomic}
     bool SegmentedCodeCache                       = true                                      {product} {ergonomic}
     bool UseCompressedClassPointers               = true                                 {lp64_product} {ergonomic}
     bool UseCompressedOops                        = true                                 {lp64_product} {ergonomic}
     bool UseG1GC                                  = true                                      {product} {ergonomic}
     bool UseLargePagesIndividualAllocation        = false                                  {pd product} {ergonomic}

Logging:
Log output configuration:
 #0: stdout all=warning uptime,level,tags
 #1: stderr all=off uptime,level,tags

Environment Variables:
PATH=C:\WINDOWS\system32;C:\WINDOWS;C:\WINDOWS\System32\Wbem;C:\WINDOWS\System32\WindowsPowerShell\v1.0\;C:\WINDOWS\System32\OpenSSH\;C:\Users\399pvd\AppData\Local\Microsoft\WindowsApps;C:\ProgramData\TSDT\GitHubDesktop\bin
USERNAME=TSDT
OS=Windows_NT
PROCESSOR_IDENTIFIER=Intel64 Family 6 Model 126 Stepping 5, GenuineIntel



---------------  S Y S T E M  ---------------

OS: Windows 10 , 64 bit Build 22000 (10.0.22000.120)
OS uptime: 3 days 22:01 hours

CPU:total 8 (initial active 8) (4 cores per cpu, 2 threads per core) family 6 model 126 stepping 5 microcode 0xa0, cmov, cx8, fxsr, mmx, sse, sse2, sse3, ssse3, sse4.1, sse4.2, popcnt, avx, avx2, aes, clmul, erms, 3dnowpref, lzcnt, ht, tsc, tscinvbit, bmi1, bmi2, adx, evex, sha, fma

Memory: 4k page, system-wide physical 7959M (1220M free)
TotalPageFile size 22959M (AvailPageFile size 6M)
current process WorkingSet (physical memory assigned to process): 558M, peak: 582M
current process commit charge ("private bytes"): 633M, peak: 657M

vm_info: OpenJDK 64-Bit Server VM (11.0.10+0-b96-7249189) for windows-amd64 JRE (11.0.10+0-b96-7249189), built on Mar 31 2021 21:44:00 by "builder" with MS VC++ 14.0 (VS2015)

END.
